Using pre-set license
Built from '2020.3/staging' branch; Version is '2020.3.14f1 (d0d1bb862f9d) revision 13685179'; Using compiler version '192528614'; Build Type 'Release'
OS: 'Windows 10 Home; OS build 19042.1110; Version 2009; 64bit' Language: 'ja' Physical Memory: 16300 MB
BatchMode: 1, IsHumanControllingUs: 0, StartBugReporterOnCrash: 0, Is64bit: 1, IsPro: 0

 COMMAND LINE ARGUMENTS:
C:\Program Files\Unity\Hub\Editor\2020.3.14f1\Editor\Unity.exe
-adb2
-batchMode
-noUpm
-name
AssetImportWorker0
-projectPath
D:/ドキュメント/GitHub/NextStage/NEW_UNITY
-logFile
Logs/AssetImportWorker0.log
-srvPort
60743
Successfully changed project path to: D:/ドキュメント/GitHub/NextStage/NEW_UNITY
D:/ドキュメント/GitHub/NextStage/NEW_UNITY
Using Asset Import Pipeline V2.
Refreshing native plugins compatible for Editor in 23.44 ms, found 2 plugins.
Preloading 0 native plugins for Editor in 0.00 ms.
Initialize engine version: 2020.3.14f1 (d0d1bb862f9d)
[Subsystems] Discovering subsystems at path C:/Program Files/Unity/Hub/Editor/2020.3.14f1/Editor/Data/Resources/UnitySubsystems
[Subsystems] Discovering subsystems at path D:/ドキュメント/GitHub/NextStage/NEW_UNITY/Assets
GfxDevice: creating device client; threaded=0
Direct3D:
    Version:  Direct3D 11.0 [level 11.1]
    Renderer: NVIDIA GeForce RTX 2080 (ID=0x1e82)
    Vendor:   
    VRAM:     8010 MB
    Driver:   27.21.14.6192
Initialize mono
Mono path[0] = 'C:/Program Files/Unity/Hub/Editor/2020.3.14f1/Editor/Data/Managed'
Mono path[1] = 'C:/Program Files/Unity/Hub/Editor/2020.3.14f1/Editor/Data/MonoBleedingEdge/lib/mono/unityjit'
Mono config path = 'C:/Program Files/Unity/Hub/Editor/2020.3.14f1/Editor/Data/MonoBleedingEdge/etc'
Using monoOptions --debugger-agent=transport=dt_socket,embedding=1,server=y,suspend=n,address=127.0.0.1:56188
Begin MonoManager ReloadAssembly
Registering precompiled unity dll's ...
Register platform support module: C:/Program Files/Unity/Hub/Editor/2020.3.14f1/Editor/Data/PlaybackEngines/WindowsStandaloneSupport/UnityEditor.WindowsStandalone.Extensions.dll
Registered in 0.001835 seconds.
Native extension for WindowsStandalone target not found
Refreshing native plugins compatible for Editor in 23.12 ms, found 2 plugins.
Preloading 0 native plugins for Editor in 0.00 ms.
Mono: successfully reloaded assembly
- Completed reload, in  1.599 seconds
Domain Reload Profiling:
	ReloadAssembly (1599ms)
		BeginReloadAssembly (49ms)
			ExecutionOrderSort (0ms)
			DisableScriptedObjects (0ms)
			BackupInstance (0ms)
			ReleaseScriptingObjects (0ms)
			CreateAndSetChildDomain (1ms)
		EndReloadAssembly (404ms)
			LoadAssemblies (47ms)
			RebuildTransferFunctionScriptingTraits (0ms)
			SetupTypeCache (147ms)
			ReleaseScriptCaches (0ms)
			RebuildScriptCaches (30ms)
			SetupLoadedEditorAssemblies (161ms)
				LogAssemblyErrors (0ms)
				InitializePlatformSupportModulesInManaged (5ms)
				SetLoadedEditorAssemblies (0ms)
				RefreshPlugins (23ms)
				BeforeProcessingInitializeOnLoad (14ms)
				ProcessInitializeOnLoadAttributes (91ms)
				ProcessInitializeOnLoadMethodAttributes (27ms)
				AfterProcessingInitializeOnLoad (0ms)
				EditorAssembliesLoaded (0ms)
			ExecutionOrderSort2 (0ms)
			AwakeInstancesAfterBackupRestoration (0ms)
Platform modules already initialized, skipping
Registering precompiled user dll's ...
Registered in 0.002726 seconds.
Begin MonoManager ReloadAssembly
Native extension for WindowsStandalone target not found
Refreshing native plugins compatible for Editor in 0.29 ms, found 2 plugins.
Preloading 0 native plugins for Editor in 0.00 ms.
Mono: successfully reloaded assembly
- Completed reload, in  0.938 seconds
Domain Reload Profiling:
	ReloadAssembly (939ms)
		BeginReloadAssembly (134ms)
			ExecutionOrderSort (0ms)
			DisableScriptedObjects (4ms)
			BackupInstance (0ms)
			ReleaseScriptingObjects (0ms)
			CreateAndSetChildDomain (19ms)
		EndReloadAssembly (748ms)
			LoadAssemblies (79ms)
			RebuildTransferFunctionScriptingTraits (0ms)
			SetupTypeCache (246ms)
			ReleaseScriptCaches (0ms)
			RebuildScriptCaches (38ms)
			SetupLoadedEditorAssemblies (294ms)
				LogAssemblyErrors (0ms)
				InitializePlatformSupportModulesInManaged (5ms)
				SetLoadedEditorAssemblies (0ms)
				RefreshPlugins (0ms)
				BeforeProcessingInitializeOnLoad (82ms)
				ProcessInitializeOnLoadAttributes (196ms)
				ProcessInitializeOnLoadMethodAttributes (5ms)
				AfterProcessingInitializeOnLoad (6ms)
				EditorAssembliesLoaded (0ms)
			ExecutionOrderSort2 (0ms)
			AwakeInstancesAfterBackupRestoration (6ms)
Platform modules already initialized, skipping
========================================================================
Worker process is ready to serve import requests
Launched and connected shader compiler UnityShaderCompiler.exe after 0.06 seconds
Refreshing native plugins compatible for Editor in 0.33 ms, found 2 plugins.
Preloading 0 native plugins for Editor in 0.00 ms.
Unloading 1390 Unused Serialized files (Serialized files now loaded: 0)
System memory in use before: 67.4 MB.
System memory in use after: 67.5 MB.

Unloading 19 unused Assets to reduce memory usage. Loaded Objects now: 1823.
Total: 3.575100 ms (FindLiveObjects: 0.167700 ms CreateObjectMapping: 0.049300 ms MarkObjects: 3.264700 ms  DeleteObjects: 0.091900 ms)

AssetImportParameters requested are different than current active one (requested -> active):
  custom:framework-win-MediaFoundation: 216162199b28c13a410421893ffa2e32 -> 
  custom:video-decoder-ogg-theora: a1e56fd34408186e4bbccfd4996cb3dc -> 
  custom:container-muxer-webm: aa71ff27fc2769a1b78a27578f13a17b -> 
  custom:container-demuxer-webm: 4f35f7cbe854078d1ac9338744f61a02 -> 
  custom:container-demuxer-ogg: 62fdf1f143b41e24485cea50d1cbac27 -> 
  custom:video-encoder-webm-vp8: eb34c28f22e8b96e1ab97ce403110664 -> 
  custom:video-codec-MediaFoundation-h265: 746d11721c4dcdbdad8f713fa42b33f4 -> 
  custom:video-decoder-webm-vp8: 9c59270c3fd7afecdb556c50c9e8de78 -> 
  custom:audio-decoder-ogg-vorbis: bf7c407c2cedff20999df2af8eb42d56 -> 
  custom:audio-encoder-webm-vorbis: bf7c407c2cedff20999df2af8eb42d56 -> 
========================================================================
Received Import Request.
  path: Assets
  artifactKey: Guid(00000000000000001000000000000000) Importer(815301076,1909f56bfc062723c751e8b465ee728b)
Start importing Assets using Guid(00000000000000001000000000000000) Importer(815301076,1909f56bfc062723c751e8b465ee728b)  -> (artifact id: '42d402b061de3733987d63b9cc3b64de') in 0.003647 seconds 
  Import took 0.005616 seconds .

========================================================================
Received Import Request.
  Time since last request: 25.947151 seconds.
  path: Assets/New Terrain.asset
  artifactKey: Guid(e743e02ba0bb22a48a30e9be24968a31) Importer(815301076,1909f56bfc062723c751e8b465ee728b)
Start importing Assets/New Terrain.asset using Guid(e743e02ba0bb22a48a30e9be24968a31) Importer(815301076,1909f56bfc062723c751e8b465ee728b)  -> (artifact id: 'a4ab5a300fea46d6fe0cc99ae650c738') in 0.050112 seconds 
  Import took 0.052845 seconds .

========================================================================
Received Import Request.
  Time since last request: 0.025643 seconds.
  path: Assets/New Terrain.asset
  artifactKey: Guid(e743e02ba0bb22a48a30e9be24968a31) Importer(815301076,1909f56bfc062723c751e8b465ee728b)
Start importing Assets/New Terrain.asset using Guid(e743e02ba0bb22a48a30e9be24968a31) Importer(815301076,1909f56bfc062723c751e8b465ee728b)  -> (artifact id: 'a4ab5a300fea46d6fe0cc99ae650c738') in 0.012320 seconds 
  Import took 0.016890 seconds .

========================================================================
Received Import Request.
  Time since last request: 56.084128 seconds.
  path: Assets/New Physics Material 2D.physicsMaterial2D
  artifactKey: Guid(5e4d917f1c55f1b4bbc298761091f4c9) Importer(815301076,1909f56bfc062723c751e8b465ee728b)
Start importing Assets/New Physics Material 2D.physicsMaterial2D using Guid(5e4d917f1c55f1b4bbc298761091f4c9) Importer(815301076,1909f56bfc062723c751e8b465ee728b)  -> (artifact id: 'cda5880edebf962099ffdddd14a0bdba') in 0.005199 seconds 
  Import took 0.008358 seconds .

========================================================================
Received Import Request.
  Time since last request: 0.023709 seconds.
  path: Assets/New Physics Material 2D.physicsMaterial2D
  artifactKey: Guid(5e4d917f1c55f1b4bbc298761091f4c9) Importer(815301076,1909f56bfc062723c751e8b465ee728b)
Start importing Assets/New Physics Material 2D.physicsMaterial2D using Guid(5e4d917f1c55f1b4bbc298761091f4c9) Importer(815301076,1909f56bfc062723c751e8b465ee728b)  -> (artifact id: 'cda5880edebf962099ffdddd14a0bdba') in 0.002356 seconds 
  Import took 0.004890 seconds .

========================================================================
Received Import Request.
  Time since last request: 1.588626 seconds.
  path: Assets/Scenes
  artifactKey: Guid(6445decbc889d954980dd817dd129f6b) Importer(815301076,1909f56bfc062723c751e8b465ee728b)
Start importing Assets/Scenes using Guid(6445decbc889d954980dd817dd129f6b) Importer(815301076,1909f56bfc062723c751e8b465ee728b)  -> (artifact id: 'f5e95e76a5d6172431c4f74315ed46fc') in 0.002483 seconds 
  Import took 0.004968 seconds .

========================================================================
Received Import Request.
  Time since last request: 75.507092 seconds.
  path: Assets/New Material.mat
  artifactKey: Guid(597b59308ff43a641a2b8c4f3f6d748b) Importer(815301076,1909f56bfc062723c751e8b465ee728b)
Start importing Assets/New Material.mat using Guid(597b59308ff43a641a2b8c4f3f6d748b) Importer(815301076,1909f56bfc062723c751e8b465ee728b)  -> (artifact id: '58481be58d241f01314cf071dc2247a3') in 0.081948 seconds 
  Import took 0.083953 seconds .

========================================================================
Received Import Request.
  Time since last request: 38.591822 seconds.
  path: Assets/New Material.mat
  artifactKey: Guid(597b59308ff43a641a2b8c4f3f6d748b) Importer(815301076,1909f56bfc062723c751e8b465ee728b)
Start importing Assets/New Material.mat using Guid(597b59308ff43a641a2b8c4f3f6d748b) Importer(815301076,1909f56bfc062723c751e8b465ee728b)  -> (artifact id: '11afcf5a3a476edf3c7c43876499ba02') in 0.007725 seconds 
  Import took 0.048327 seconds .

AssetImportWorkerClient::OnTransportError - code=2 error=End of file
